<?xml version="1.0" encoding="UTF-8"?>
<testng-results skipped="0" failed="0" total="1" passed="1">
  <reporter-output>
  </reporter-output>
  <suite name="Suite" duration-ms="64596" started-at="2020-03-09T06:27:26Z" finished-at="2020-03-09T06:28:31Z">
    <groups>
    </groups>
    <test name="Test" duration-ms="64596" started-at="2020-03-09T06:27:26Z" finished-at="2020-03-09T06:28:31Z">
      <class name="Test.Test.App">
        <test-method status="PASS" signature="some()[pri:0, instance:Test.Test.App@19d37183]" name="some" duration-ms="64517" started-at="2020-03-09T11:57:26Z" finished-at="2020-03-09T11:58:31Z">
          <reporter-output>
          </reporter-output>
        </test-method> <!-- some -->
      </class> <!-- Test.Test.App -->
    </test> <!-- Test -->
  </suite> <!-- Suite -->
</testng-results>
